Compiling the C compiler identification source file "CMakeCCompilerId.c" failed.
Compiler: c:/pf/Microsoft Visual Studio 9.0/VC/bin/cl.exe 
Build flags: 
Id flags: 

The output was:
2
Microsoft (R) 32-bit C/C++ Optimizing Compiler Version 15.00.30729.01 for 80x86
Copyright (C) Microsoft Corporation.  All rights reserved.

CMakeCCompilerId.c
Microsoft (R) Incremental Linker Version 9.00.30729.01
Copyright (C) Microsoft Corporation.  All rights reserved.

/out:CMakeCCompilerId.exe 
CMakeCCompilerId.obj 
LINK : fatal error LNK1104: cannot open file 'LIBCMT.lib'


Compiling the CXX compiler identification source file "CMakeCXXCompilerId.cpp" failed.
Compiler: c:/pf/Microsoft Visual Studio 9.0/VC/bin/cl.exe 
Build flags: 
Id flags: 

The output was:
2
Microsoft (R) 32-bit C/C++ Optimizing Compiler Version 15.00.30729.01 for 80x86
Copyright (C) Microsoft Corporation.  All rights reserved.

CMakeCXXCompilerId.cpp
Microsoft (R) Incremental Linker Version 9.00.30729.01
Copyright (C) Microsoft Corporation.  All rights reserved.

/out:CMakeCXXCompilerId.exe 
CMakeCXXCompilerId.obj 
LINK : fatal error LNK1104: cannot open file 'LIBCMT.lib'


Determining if this is a free VC compiler failed with the following output:
CMakeTestForFreeVC.cxx
c:\pf\CMake 2.8\share\cmake-2.8\Modules\CMakeTestForFreeVC.cxx(1) : fatal error C1034: iostream: no include path set

Determining if the C compiler works failed with the following output:


Determining if the CXX compiler works failed with the following output:
Change Dir: C:/Users/everist/workspace/opaque/src/alpha2/CMakeFiles/CMakeTmp

Run Build Command:nmake /NOLOGO  "cmTryCompileExec\fast"
	"c:\Program Files (x86)\Microsoft Visual Studio 9.0\VC\BIN\nmake.exe" -f CMakeFiles\cmTryCompileExec.dir\build.make /nologo -L                  CMakeFiles\cmTryCompileExec.dir\build
	"C:\pf\CMake 2.8\bin\cmake.exe" -E cmake_progress_report C:\Users\everist\workspace\opaque\src\alpha2\CMakeFiles\CMakeTmp\CMakeFiles 1
NMAKE : fatal error U1045: spawn failed : No error
Stop.
NMAKE : fatal error U1077: '"c:\Program Files (x86)\Microsoft Visual Studio 9.0\VC\BIN\nmake.exe"' : return code '0x2'
Stop.


