14:27:16: Creating resource group General
14:27:16: Creating resource group Internal
14:27:16: Creating resource group Autodetect
14:27:16: Registering ResourceManager for type Mesh
14:27:16: Registering ResourceManager for type Material
14:27:16: Registering ResourceManager for type Skeleton
14:27:16: XMLMeshSerializer reading mesh data from Cube.mesh.xml...
14:27:16: Reading submeshes...
14:27:16: Reading geometry...
14:27:16: Geometry done...
14:27:16: Submeshes done.
14:27:16: XMLMeshSerializer import successful.
14:27:16: Reorganising vertex buffers to automatic layout..
14:27:16: MeshSerializer writing mesh data to Cube.mesh...
14:27:16: File header written.
14:27:16: Writing mesh data...
14:27:16: Writing submesh...
14:27:16: Exporting submesh texture aliases...
14:27:16: Submesh texture aliases exported.
14:27:16: Submesh exported.
14:27:16: Exporting bounds information....
14:27:16: Bounds information exported.
14:27:16: Exporting submesh name table...
14:27:16: Submesh name table exported.
14:27:16: Exporting edge lists...
14:27:16: Edge lists exported
14:27:16: Mesh data exported.
14:27:16: MeshSerializer export successful.
14:27:16: Unregistering ResourceManager for type Skeleton
14:27:16: Unregistering ResourceManager for type Material
14:27:16: Unregistering ResourceManager for type Mesh
